18/02/2025 19:19:28	This log contains information about the import schema operation into project 'HrmsPayrollNewApp.Z_OrangeHrmsQa312' on computer 'DESK-26' by user 'samir.s'.
18/02/2025 19:19:28	Import of database schema has started.
18/02/2025 19:19:35	Gathering database credentials
18/02/2025 19:19:35	Gathering database options
18/02/2025 19:19:35	Gathering generic database scoped configuration option
18/02/2025 19:19:35	Gathering users
18/02/2025 19:19:35	Gathering roles
18/02/2025 19:19:35	Gathering application roles
18/02/2025 19:19:35	Gathering role memberships
18/02/2025 19:19:35	Gathering filegroups
18/02/2025 19:19:35	Gathering full-text catalogs
18/02/2025 19:19:35	Gathering assemblies
18/02/2025 19:19:35	Gathering certificates
18/02/2025 19:19:35	Gathering asymmetric keys
18/02/2025 19:19:35	Gathering symmetric keys
18/02/2025 19:19:35	Gathering encrypted symmetric keys
18/02/2025 19:19:35	Gathering schemas
18/02/2025 19:19:35	Gathering XML schema collections
18/02/2025 19:19:35	Gathering user-defined data types
18/02/2025 19:19:35	Gathering user-defined types
18/02/2025 19:19:35	Gathering table types
18/02/2025 19:19:35	Gathering unique keys for table types
18/02/2025 19:19:35	Gathering primary keys for table types
18/02/2025 19:19:35	Gathering indexes for table types
18/02/2025 19:19:35	Gathering check constraints for table types
18/02/2025 19:19:35	Gathering default constraints for table types
18/02/2025 19:19:35	Gathering partition functions
18/02/2025 19:19:35	Gathering partition schemes
18/02/2025 19:19:35	Gathering functions
18/02/2025 19:19:36	Gathering encrypted functions
18/02/2025 19:19:36	Gathering aggregates
18/02/2025 19:19:36	Gathering procedures
18/02/2025 19:20:07	Gathering encrypted procedures
18/02/2025 19:20:07	Gathering tables
18/02/2025 19:20:12	Gathering primary keys
18/02/2025 19:20:12	Gathering unique constraints
18/02/2025 19:20:13	Gathering foreign keys
18/02/2025 19:20:13	Gathering default constraints
18/02/2025 19:20:14	Gathering check constraints
18/02/2025 19:20:14	Gathering views
18/02/2025 19:20:15	Gathering encrypted views
18/02/2025 19:20:15	Gathering indexes
18/02/2025 19:20:15	Gathering statistics
18/02/2025 19:20:16	Gathering full-text index stoplists
18/02/2025 19:20:16	Gathering search property lists
18/02/2025 19:20:16	Gathering search properties
18/02/2025 19:20:16	Gathering full-text indexes
18/02/2025 19:20:16	Gathering column store indexes
18/02/2025 19:20:16	Gathering spatial indexes
18/02/2025 19:20:16	Gathering XML indexes
18/02/2025 19:20:16	Gathering Selective XML indexes
18/02/2025 19:20:16	Gathering encrypted triggers
18/02/2025 19:20:16	Gathering triggers
18/02/2025 19:20:16	Gathering encrypted and clr ddl triggers
18/02/2025 19:20:16	Gathering ddl triggers
18/02/2025 19:20:16	Creating edge constraints
18/02/2025 19:20:16	Gathering synonyms
18/02/2025 19:20:16	Gathering defaults
18/02/2025 19:20:16	Gathering data constraint uddt bindings
18/02/2025 19:20:16	Gathering rules
18/02/2025 19:20:16	Gathering data constraint uddt bindings
18/02/2025 19:20:16	Gathering message types
18/02/2025 19:20:16	Gathering queues
18/02/2025 19:20:16	Gathering contracts
18/02/2025 19:20:16	Gathering services
18/02/2025 19:20:16	Gathering event notifications
18/02/2025 19:20:16	Gathering remote service bindings
18/02/2025 19:20:16	Gathering broker priorities
18/02/2025 19:20:16	Gathering signatures
18/02/2025 19:20:16	Gathering compression options
18/02/2025 19:20:16	Gathering sequence types
18/02/2025 19:20:16	Gathering security policies
18/02/2025 19:20:16	Gather column encryption keys
18/02/2025 19:20:16	Gathering column master keys
18/02/2025 19:20:16	Gathering external data sources
18/02/2025 19:20:16	Gathering external file formats
18/02/2025 19:20:16	Gathering external tables
18/02/2025 19:20:16	Gathering extended properties
18/02/2025 19:20:17	Gathering assemblies
18/02/2025 19:20:17	Gathering credentials
18/02/2025 19:20:17	Gathering logins
18/02/2025 19:20:17	Gathering server audits
18/02/2025 19:20:26	Scanning project for duplicate elements
18/02/2025 19:20:28	Finished duplicate element processing
18/02/2025 19:21:17	Finished importing database.
18/02/2025 19:21:17	A summary of the import was saved to the following location: D:\OrangeProjects\HrmsAndPayrollGitHub3\HrmsPayrollNewApp.Z_OrangeHrmsQa312\Import Schema Logs\HrmsPayrollNewApp.Z__20250218014928.log
18/02/2025 19:21:17	Click Finish to continue...
